
main.elf:     file format elf32-littlearm


Disassembly of section .text:

08000000 <Reset-0x8>:
 8000000:	20008000 	andcs	r8, r0, r0
 8000004:	08000009 	stmdaeq	r0, {r0, r3}

08000008 <Reset>:
 8000008:	f000 b800 	b.w	800000c <main>

Disassembly of section .text.startup:

0800000c <main>:
 800000c:	4a02      	ldr	r2, [pc, #8]	; (8000018 <main+0xc>)
 800000e:	8813      	ldrh	r3, [r2, #0]
 8000010:	3301      	adds	r3, #1
 8000012:	8013      	strh	r3, [r2, #0]
 8000014:	e7fe      	b.n	8000014 <main+0x8>
 8000016:	bf00      	nop
 8000018:	20000000 	andcs	r0, r0, r0

Disassembly of section .data:

20000000 <a>:
20000000:	Address 0x0000000020000000 is out of bounds.


Disassembly of section .ARM.attributes:

00000000 <.ARM.attributes>:
   0:	00002e41 	andeq	r2, r0, r1, asr #28
   4:	61656100 	cmnvs	r5, r0, lsl #2
   8:	01006962 	tsteq	r0, r2, ror #18
   c:	00000024 	andeq	r0, r0, r4, lsr #32
  10:	726f4305 	rsbvc	r4, pc, #335544320	; 0x14000000
  14:	2d786574 	cfldr64cs	mvdx6, [r8, #-464]!	; 0xfffffe30
  18:	0600334d 	streq	r3, [r0], -sp, asr #6
  1c:	094d070a 	stmdbeq	sp, {r1, r3, r8, r9, sl}^
  20:	14041202 	strne	r1, [r4], #-514	; 0xfffffdfe
  24:	17011501 	strne	r1, [r1, -r1, lsl #10]
  28:	1a011803 	bne	4603c <Reset-0x7fb9fcc>
  2c:	Address 0x000000000000002c is out of bounds.


Disassembly of section .comment:

00000000 <.comment>:
   0:	3a434347 	bcc	10d0d24 <Reset-0x6f2f2e4>
   4:	4e472820 	cdpmi	8, 4, cr2, cr7, cr0, {1}
   8:	6f542055 	svcvs	0x00542055
   c:	20736c6f 	rsbscs	r6, r3, pc, ror #24
  10:	20726f66 	rsbscs	r6, r2, r6, ror #30
  14:	204d5241 	subcs	r5, sp, r1, asr #4
  18:	65626d45 	strbvs	r6, [r2, #-3397]!	; 0xfffff2bb
  1c:	64656464 	strbtvs	r6, [r5], #-1124	; 0xfffffb9c
  20:	6f725020 	svcvs	0x00725020
  24:	73736563 	cmnvc	r3, #415236096	; 0x18c00000
  28:	2073726f 	rsbscs	r7, r3, pc, ror #4
  2c:	30322d36 	eorscc	r2, r2, r6, lsr sp
  30:	712d3731 			; <UNDEFINED> instruction: 0x712d3731
  34:	70752d32 	rsbsvc	r2, r5, r2, lsr sp
  38:	65746164 	ldrbvs	r6, [r4, #-356]!	; 0xfffffe9c
  3c:	2e362029 	cdpcs	0, 3, cr2, cr6, cr9, {1}
  40:	20312e33 	eorscs	r2, r1, r3, lsr lr
  44:	37313032 			; <UNDEFINED> instruction: 0x37313032
  48:	30323630 	eorscc	r3, r2, r0, lsr r6
  4c:	65722820 	ldrbvs	r2, [r2, #-2080]!	; 0xfffff7e0
  50:	7361656c 	cmnvc	r1, #108, 10	; 0x1b000000
  54:	5b202965 	blpl	80a5f0 <Reset-0x77f5a18>
  58:	2f4d5241 	svccs	0x004d5241
  5c:	65626d65 	strbvs	r6, [r2, #-3429]!	; 0xfffff29b
  60:	64656464 	strbtvs	r6, [r5], #-1124	; 0xfffffb9c
  64:	622d362d 	eorvs	r3, sp, #47185920	; 0x2d00000
  68:	636e6172 	cmnvs	lr, #-2147483620	; 0x8000001c
  6c:	65722068 	ldrbvs	r2, [r2, #-104]!	; 0xffffff98
  70:	69736976 	ldmdbvs	r3!, {r1, r2, r4, r5, r6, r8, fp, sp, lr}^
  74:	32206e6f 	eorcc	r6, r0, #1776	; 0x6f0
  78:	33343934 	teqcc	r4, #52, 18	; 0xd0000
  7c:	Address 0x000000000000007c is out of bounds.

